0 info it worked if it ends with ok
1 verbose cli [ 'node', '/usr/local/bin/npm', 'run-script', 'start' ]
2 info using npm@1.1.62
3 info using node@v0.8.10
4 verbose node symlink /usr/local/bin/node
5 verbose read json /Users/tsucho/rails/warble/package.json
6 error Error: ENOENT, open '/Users/tsucho/rails/warble/package.json'
7 error If you need help, you may report this log at:
7 error     <http://github.com/isaacs/npm/issues>
7 error or email it to:
7 error     <npm-@googlegroups.com>
8 error System Darwin 12.2.0
9 error command "node" "/usr/local/bin/npm" "run-script" "start"
10 error cwd /Users/tsucho/rails/warble
11 error node -v v0.8.10
12 error npm -v 1.1.62
13 error path /Users/tsucho/rails/warble/package.json
14 error code ENOENT
15 error errno 34
16 verbose exit [ 34, true ]
